<?xml version="1.0" encoding="UTF-8"?>
<!-- Generated by org.testng.reporters.JUnitReportReporter -->
<testsuite hostname="MSI" failures="0" tests="1" name="ltDemo.LTExample" time="7.073" errors="0" timestamp="2024-05-05T21:51:57 EDT" skipped="0">
  <testcase classname="ltDemo.LTExample" name="loginTest" time="7.073"/>
  <system-out/>
</testsuite> <!-- ltDemo.LTExample -->
