<?xml version="1.0" encoding="UTF-8"?>
<!-- Generated by org.testng.reporters.JUnitReportReporter -->
<testsuite hostname="MSI" failures="0" tests="2" name="ltDemo.LTParallel" time="17.819" errors="0" timestamp="2024-05-05T21:49:37 EDT" skipped="0">
  <testcase classname="ltDemo.LTParallel" name="loginTest" time="3.999"/>
  <system-out/>
  <testcase classname="ltDemo.LTParallel" name="loginTest" time="13.820"/>
  <system-out/>
</testsuite> <!-- ltDemo.LTParallel -->
